  mainClient.cpp
D:\infoVS\Projects\TheWired\TheWired\TheWiredClient\mainClient.cpp(46,23): warning C4018: '<': signed/unsigned mismatch
D:\infoVS\Projects\TheWired\TheWired\TheWiredClient\mainClient.cpp(105,35): warning C4018: '<': signed/unsigned mismatch
D:\infoVS\Projects\TheWired\TheWired\TheWiredClient\mainClient.cpp(109,35): warning C4018: '<': signed/unsigned mismatch
D:\infoVS\Projects\TheWired\TheWired\TheWiredClient\mainClient.cpp(128,35): warning C4018: '<': signed/unsigned mismatch
D:\infoVS\Projects\TheWired\TheWired\TheWiredClient\mainClient.cpp(133,35): warning C4018: '<': signed/unsigned mismatch
D:\infoVS\Projects\TheWired\TheWired\TheWiredClient\mainClient.cpp(149,35): warning C4018: '<': signed/unsigned mismatch
D:\infoVS\Projects\TheWired\TheWired\TheWiredClient\mainClient.cpp(191,27): warning C4018: '<': signed/unsigned mismatch
D:\infoVS\Projects\TheWired\TheWired\TheWiredClient\mainClient.cpp(209,31): warning C4018: '<': signed/unsigned mismatch
D:\infoVS\Projects\TheWired\TheWired\TheWiredClient\mainClient.cpp(213,31): warning C4018: '<': signed/unsigned mismatch
D:\infoVS\Projects\TheWired\TheWired\TheWiredClient\mainClient.cpp(254,35): warning C4018: '<': signed/unsigned mismatch
D:\infoVS\Projects\TheWired\TheWired\TheWiredClient\mainClient.cpp(258,35): warning C4018: '<': signed/unsigned mismatch
D:\infoVS\Projects\kqnet\kqnet\netServer\server.h(235,14): warning C4834: discarding return value of function with 'nodiscard' attribute
D:\infoVS\Projects\kqnet\kqnet\netServer\server.h(232): message : while compiling class template member function 'void kq::server_interface<T>::__RemoveClient(kq::connection<T> *)'
          with
          [
              T=msgids
          ]
D:\infoVS\Projects\kqnet\kqnet\netCommon\connection.h(242): message : see reference to function template instantiation 'void kq::server_interface<T>::__RemoveClient(kq::connection<T> *)' being compiled
          with
          [
              T=msgids
          ]
D:\infoVS\Projects\kqnet\kqnet\netCommon\connection.h(242): message : see reference to class template instantiation 'kq::server_interface<T>' being compiled
          with
          [
              T=msgids
          ]
D:\infoVS\Projects\kqnet\kqnet\netCommon\connection.h(214): message : while compiling class template member function 'void kq::connection<T>::WriteHead(void)'
          with
          [
              T=msgids
          ]
D:\infoVS\Projects\kqnet\kqnet\netCommon\connection.h(207): message : see reference to function template instantiation 'void kq::connection<T>::WriteHead(void)' being compiled
          with
          [
              T=msgids
          ]
D:\infoVS\Projects\kqnet\kqnet\netClient\client.h(89): message : while compiling class template member function 'void kq::client_interface<msgids>::Disconnect(void)'
D:\infoVS\Projects\kqnet\kqnet\netClient\client.h(54): message : see reference to function template instantiation 'void kq::client_interface<msgids>::Disconnect(void)' being compiled
D:\infoVS\Projects\kqnet\kqnet\netClient\client.h(46): message : while compiling class template member function 'kq::client_interface<msgids>::client_interface(uint64_t (__cdecl *)(uint64_t))'
D:\infoVS\Projects\TheWired\TheWired\TheWiredClient\client.h(9): message : see reference to function template instantiation 'kq::client_interface<msgids>::client_interface(uint64_t (__cdecl *)(uint64_t))' being compiled
D:\infoVS\Projects\TheWired\TheWired\TheWiredClient\client.h(8): message : see reference to class template instantiation 'kq::client_interface<msgids>' being compiled
D:\infoVS\Projects\kqnet\kqnet\netServer\server.h(243,14): warning C4834: discarding return value of function with 'nodiscard' attribute
D:\infoVS\Projects\kqnet\kqnet\netServer\server.h(240): message : while compiling class template member function 'void kq::server_interface<T>::__RemoveUnvalidatedClient(kq::connection<T> *)'
          with
          [
              T=msgids
          ]
D:\infoVS\Projects\kqnet\kqnet\netCommon\connection.h(406): message : see reference to function template instantiation 'void kq::server_interface<T>::__RemoveUnvalidatedClient(kq::connection<T> *)' being compiled
          with
          [
              T=msgids
          ]
  TheWiredClient.vcxproj -> D:\infoVS\Projects\TheWired\TheWired\Debug\TheWiredClient.exe
